<?xml version="1.0" encoding="UTF-8"?>
<!-- Generated by org.testng.reporters.JUnitReportReporter -->
<testsuite skipped="0" hostname="HAPPY-LADDU" name="com.zensar.scopes.MathServiceImplTest" tests="2" failures="0" timestamp="31 Jan 2019 16:48:55 GMT" time="0.016" errors="0">
  <testcase name="sum1" time="0.016" classname="com.zensar.scopes.MathServiceImplTest"/>
  <testcase name="sum2" time="0.000" classname="com.zensar.scopes.MathServiceImplTest"/>
</testsuite> <!-- com.zensar.scopes.MathServiceImplTest -->
